<?xml version="1.0" encoding="UTF-8"?>
<!-- Generated by org.testng.reporters.JUnitXMLReporter -->
<testsuite ignored="0" hostname="BRAVO" failures="0" tests="6" name="Default test" time="46.75" errors="0" timestamp="2026-08-19T23:32:40 IST">
  <testcase classname="testpkg.Shoppingcart_test" name="shoppingcart_validation" time="11.673"/>
  <testcase classname="testpkg.Shoppingcart_test" name="applycounpon_validationtest" time="3.008"/>
  <testcase classname="testpkg.Shoppingcart_test" name="giftcard_validationtest" time="6.921"/>
  <testcase classname="testpkg.Shoppingcart_test" name="dropdown_country_state" time="2.993"/>
  <testcase classname="testpkg.Shoppingcart_test" name="updatecart_after_delete" time="7.345"/>
  <testcase classname="testpkg.Shoppingcart_test" name="checkout_test" time="4.381"/>
</testsuite> <!-- Default test -->
