<?xml version="1.0" encoding="UTF-8"?>
<!-- Generated by org.testng.reporters.JUnitXMLReporter -->
<testsuite ignored="28" hostname="BRAVO" failures="0" tests="92" name="Test" time="1380.82" errors="0" timestamp="2026-08-19T23:59:53 IST">
  <testcase classname="testpkg.Logintest" name="fetchtitle" time="0.078"/>
  <testcase classname="testpkg.Logintest" name="clicklogin" time="0.705"/>
  <testcase classname="testpkg.Logintest" name="logoverification" time="0.055"/>
  <testcase classname="testpkg.Logintest" name="buttontextverification" time="0.037"/>
  <testcase classname="testpkg.Logintest" name="valueset" time="21.04"/>
  <testcase classname="testpkg.Logintest" name="forgetpass" time="5.268"/>
  <testcase classname="testpkg.Logintest" name="registerbtnclickFromlogin" time="3.84"/>
  <testcase classname="testpkg.Producthometest" name="logoverification" time="7.513"/>
  <testcase classname="testpkg.Producthometest" name="additem" time="42.587"/>
  <testcase classname="testpkg.Producthometest" name="newslettersubscribe" time="3.283"/>
  <testcase classname="testpkg.Booksproducttest" name="booksclicking" time="7.378"/>
  <testcase classname="testpkg.Booksproducttest" name="sorting" time="24.052"/>
  <testcase classname="testpkg.Booksproducttest" name="additemtocarts" time="9.077"/>
  <testcase classname="testpkg.Computerproducttest" name="compclicking" time="4.01"/>
  <testcase classname="testpkg.Computerproducttest" name="desktopclicking" time="1.43"/>
  <testcase classname="testpkg.Computerproducttest" name="sortingincomp" time="26.539"/>
  <testcase classname="testpkg.Computerproducttest" name="desktopPrdtaddtocart" time="20.521"/>
  <testcase classname="testpkg.Computerproducttest" name="notebookaddtocart" time="3.944"/>
  <testcase classname="testpkg.Computerproducttest" name="accessoriesAddtocart" time="3.992"/>
  <testcase classname="testpkg.Computerproducttest" name="verifyProductImageTest" time="5.588"/>
  <testcase classname="testpkg.Electronicsproducttest" name="electroclicking" time="3.78"/>
  <testcase classname="testpkg.Electronicsproducttest" name="cameraclickingg" time="1.531"/>
  <testcase classname="testpkg.Electronicsproducttest" name="Addtocartbuttonisdisplayed" time="41.874"/>
  <testcase classname="testpkg.Electronicsproducttest" name="cellphoneclickingg" time="1.269"/>
  <testcase classname="testpkg.Electronicsproducttest" name="cellphoneaddtocart" time="0.086"/>
  <testcase classname="testpkg.Electronicsproducttest" name="cellphoneaddtocart1" time="3.853"/>
  <testcase classname="testpkg.Electronicsproducttest" name="cellphoneaddtocart2" time="10.585"/>
  <testcase classname="testpkg.Apparelproducttest" name="apparelandshoesclick" time="6.534"/>
  <testcase classname="testpkg.Apparelproducttest" name="addtocartprdt1" time="20.733"/>
  <testcase classname="testpkg.Apparelproducttest" name="addtocartprdt2" time="36.243"/>
  <testcase classname="testpkg.Apparelproducttest" name="addtocartprdt3" time="67.324"/>
  <testcase classname="testpkg.Apparelproducttest" name="addtocartprdt4" time="1.869"/>
  <testcase classname="testpkg.Apparelproducttest" name="addtocartprdt7" time="34.702"/>
  <testcase classname="testpkg.Apparelproducttest" name="addtocartprdt5" time="33.714"/>
  <testcase classname="testpkg.Apparelproducttest" name="addtocartprdt6" time="28.558"/>
  <testcase classname="testpkg.Apparelproducttest" name="addtocartprdt8" time="33.568"/>
  <testcase classname="testpkg.Apparelproducttest" name="addtocartprdt9" time="36.655"/>
  <testcase classname="testpkg.Apparelproducttest" name="addtocartprdt10" time="34.83"/>
  <testcase classname="testpkg.Apparelproducttest" name="addtocartprdt11" time="33.623"/>
  <testcase classname="testpkg.Apparelproducttest" name="addtocartprdt12" time="49.254"/>
  <testcase classname="testpkg.Apparelproducttest" name="addtocartprdt13" time="17.074"/>
  <testcase classname="testpkg.Digitaldownloadsproducttest" name="apparelandshoesclick" time="6.828"/>
  <testcase classname="testpkg.Digitaldownloadsproducttest" name="additemstocart" time="15.295"/>
  <testcase classname="testpkg.Jewelryproducttest" name="Jewelrypagevalidation" time="7.054"/>
  <testcase classname="testpkg.Jewelryproducttest" name="jewelry1addtocart" time="8.484"/>
  <testcase classname="testpkg.Jewelryproducttest" name="jewelry2addtocart" time="8.369"/>
  <testcase classname="testpkg.Jewelryproducttest" name="jewelry3addtocart" time="5.875"/>
  <testcase classname="testpkg.Jewelryproducttest" name="jewelry4addtocart" time="5.937"/>
  <testcase classname="testpkg.Jewelryproducttest" name="jewelry5addtocart" time="8.721"/>
  <testcase classname="testpkg.Giftcardproducttest" name="Jewelrypagevalidation" time="8.171"/>
  <testcase classname="testpkg.Giftcardproducttest" name="giftcardaddtocart1" time="31.431"/>
  <testcase classname="testpkg.Giftcardproducttest" name="giftcardaddtocart2" time="30.298"/>
  <testcase classname="testpkg.Giftcardproducttest" name="giftcardaddtocart3" time="32.309"/>
  <testcase classname="testpkg.Giftcardproducttest" name="giftcardaddtocart4" time="34.693"/>
  <testcase classname="testpkg.emailafriendtest" name="emailafriendvalidation" time="12.046"/>
  <testcase classname="testpkg.emailafriendtest" name="friendsemail_and_personalmsgvalidation" time="38.249"/>
  <testcase classname="testpkg.Myaccount_cutomerinfoTest" name="emailafriendvalidation" time="7.896"/>
  <testcase classname="testpkg.Myaccount_cutomerinfoTest" name="customerinfo" time="26.081"/>
  <testcase classname="testpkg.Myaccount_cutomerinfoTest" name="address" time="14.193"/>
  <testcase classname="testpkg.Myaccount_cutomerinfoTest" name="address_existingvalueschange" time="68.314"/>
  <testcase classname="testpkg.Myaccount_cutomerinfoTest" name="newaddress" time="68.312"/>
  <testcase classname="testpkg.Myaccount_cutomerinfoTest" name="orders" time="4.199"/>
  <testcase classname="testpkg.Myaccount_cutomerinfoTest" name="downloadableprdt" time="33.89"/>
  <testcase classname="testpkg.Myaccount_cutomerinfoTest" name="backinstocksubscriptions" time="4.205"/>
  <testcase classname="testpkg.Myaccount_cutomerinfoTest" name="rewardpoints" time="4.088"/>
  <testcase classname="testpkg.Myaccount_cutomerinfoTest" name="passordchange" time="13.514"/>
  <testcase classname="testpkg.Shoppingcart_test" name="shoppingcart_validation" time="10.174"/>
  <testcase classname="testpkg.Shoppingcart_test" name="applycounpon_validationtest" time="2.531"/>
  <testcase classname="testpkg.Shoppingcart_test" name="giftcard_validationtest" time="6.268"/>
  <testcase classname="testpkg.Shoppingcart_test" name="dropdown_country_state" time="2.871"/>
  <testcase classname="testpkg.Shoppingcart_test" name="updatecart_after_delete" time="7.475"/>
  <testcase classname="testpkg.Shoppingcart_test" name="checkout_test" time="4.133"/>
  <testcase classname="testpkg.CheckoutdetailsTest" name="checkout_validation" time="10.001"/>
  <testcase classname="testpkg.CheckoutdetailsTest" name="billingadress_validation" time="2.168"/>
  <testcase classname="testpkg.CheckoutdetailsTest" name="shippingaddress_validation" time="2.174"/>
  <testcase classname="testpkg.CheckoutdetailsTest" name="shippingmethod_validation" time="2.165"/>
  <testcase classname="testpkg.CheckoutdetailsTest" name="paymentmethod_selection" time="2.159"/>
  <testcase classname="testpkg.CheckoutdetailsTest" name="paymentmethodinfo_validation" time="2.101"/>
  <testcase classname="testpkg.CheckoutdetailsTest" name="checkoutlast_confirm" time="6.094"/>
  <testcase classname="testpkg.CheckoutdetailsTest" name="orderplacement" time="9.514"/>
  <testcase classname="testpkg.CheckoutdetailsTest" name="to_orderdetails_validation" time="3.787"/>
  <testcase classname="testpkg.CheckoutdetailsTest" name="reorder_validation" time="8.753"/>
  <testcase classname="testpkg.CheckoutdetailsTest" name="ordersuccessfull_validaton" time="4.186"/>
  <testcase classname="testpkg.Searchbarsearchingtest" name="searchbarvalidation_with_validkeyword_books" time="12.69"/>
  <testcase classname="testpkg.Searchbarsearchingtest" name="searchbarvalidation_with_validkeyword_computers" time="14.464"/>
  <testcase classname="testpkg.Searchbarsearchingtest" name="searchbarvalidation_with_validkeyword_electronics" time="7.034"/>
  <testcase classname="testpkg.Searchbarsearchingtest" name="searchbarvalidation_with_validkeyword_apparel" time="6.782"/>
  <testcase classname="testpkg.Searchbarsearchingtest" name="searchbarvalidation_with_validkeyword_digital" time="6.912"/>
  <testcase classname="testpkg.Searchbarsearchingtest" name="searchbarvalidation_with_validkeyword_jewelry" time="13.64"/>
  <testcase classname="testpkg.Searchbarsearchingtest" name="searchbarvalidation_with_validkeyword_giftcard" time="13.731"/>
  <testcase classname="testpkg.Searchbarsearchingtest" name="searchbarvalidation_with_invalidkeyword" time="17.783"/>
  <testcase classname="testpkg.AllLinksTest" name="alllinksvalidation" time="6.503"/>
  <testcase classname="basepkg.Baseclass" name="@BeforeTest setUp" time="0.0">
    <ignored/>
  </testcase> <!-- @BeforeTest setUp -->
  <testcase classname="basepkg.Baseclass" name="@BeforeTest setUp" time="0.0">
    <ignored/>
  </testcase> <!-- @BeforeTest setUp -->
  <testcase classname="basepkg.Baseclass" name="@AfterTest teardown" time="0.0">
    <ignored/>
  </testcase> <!-- @AfterTest teardown -->
  <testcase classname="basepkg.Baseclass" name="@BeforeTest setUp" time="0.0">
    <ignored/>
  </testcase> <!-- @BeforeTest setUp -->
  <testcase classname="basepkg.Baseclass" name="@AfterTest teardown" time="0.0">
    <ignored/>
  </testcase> <!-- @AfterTest teardown -->
  <testcase classname="basepkg.Baseclass" name="@AfterTest teardown" time="0.0">
    <ignored/>
  </testcase> <!-- @AfterTest teardown -->
  <testcase classname="basepkg.Baseclass" name="@AfterTest teardown" time="0.0">
    <ignored/>
  </testcase> <!-- @AfterTest teardown -->
  <testcase classname="basepkg.Baseclass" name="@BeforeTest setUp" time="0.0">
    <ignored/>
  </testcase> <!-- @BeforeTest setUp -->
  <testcase classname="basepkg.Baseclass" name="@AfterTest teardown" time="0.0">
    <ignored/>
  </testcase> <!-- @AfterTest teardown -->
  <testcase classname="basepkg.Baseclass" name="@BeforeTest setUp" time="0.0">
    <ignored/>
  </testcase> <!-- @BeforeTest setUp -->
  <testcase classname="basepkg.Baseclass" name="@BeforeTest setUp" time="0.0">
    <ignored/>
  </testcase> <!-- @BeforeTest setUp -->
  <testcase classname="basepkg.Baseclass" name="@AfterTest teardown" time="0.0">
    <ignored/>
  </testcase> <!-- @AfterTest teardown -->
  <testcase classname="basepkg.Baseclass" name="@BeforeTest setUp" time="0.0">
    <ignored/>
  </testcase> <!-- @BeforeTest setUp -->
  <testcase classname="basepkg.Baseclass" name="@AfterTest teardown" time="0.0">
    <ignored/>
  </testcase> <!-- @AfterTest teardown -->
  <testcase classname="basepkg.Baseclass" name="@AfterTest teardown" time="0.0">
    <ignored/>
  </testcase> <!-- @AfterTest teardown -->
  <testcase classname="basepkg.Baseclass" name="@BeforeTest setUp" time="0.0">
    <ignored/>
  </testcase> <!-- @BeforeTest setUp -->
  <testcase classname="basepkg.Baseclass" name="@BeforeTest setUp" time="0.0">
    <ignored/>
  </testcase> <!-- @BeforeTest setUp -->
  <testcase classname="basepkg.Baseclass" name="@BeforeTest setUp" time="0.0">
    <ignored/>
  </testcase> <!-- @BeforeTest setUp -->
  <testcase classname="basepkg.Baseclass" name="@AfterTest teardown" time="0.0">
    <ignored/>
  </testcase> <!-- @AfterTest teardown -->
  <testcase classname="basepkg.Baseclass" name="@BeforeTest setUp" time="0.0">
    <ignored/>
  </testcase> <!-- @BeforeTest setUp -->
  <testcase classname="basepkg.Baseclass" name="@AfterTest teardown" time="0.0">
    <ignored/>
  </testcase> <!-- @AfterTest teardown -->
  <testcase classname="basepkg.Baseclass" name="@AfterTest teardown" time="0.0">
    <ignored/>
  </testcase> <!-- @AfterTest teardown -->
  <testcase classname="basepkg.Baseclass" name="@BeforeTest setUp" time="0.0">
    <ignored/>
  </testcase> <!-- @BeforeTest setUp -->
  <testcase classname="basepkg.Baseclass" name="@AfterTest teardown" time="0.0">
    <ignored/>
  </testcase> <!-- @AfterTest teardown -->
  <testcase classname="basepkg.Baseclass" name="@BeforeTest setUp" time="0.0">
    <ignored/>
  </testcase> <!-- @BeforeTest setUp -->
  <testcase classname="basepkg.Baseclass" name="@AfterTest teardown" time="0.0">
    <ignored/>
  </testcase> <!-- @AfterTest teardown -->
  <testcase classname="basepkg.Baseclass" name="@BeforeTest setUp" time="0.0">
    <ignored/>
  </testcase> <!-- @BeforeTest setUp -->
  <testcase classname="basepkg.Baseclass" name="@AfterTest teardown" time="0.0">
    <ignored/>
  </testcase> <!-- @AfterTest teardown -->
</testsuite> <!-- Test -->
