<?xml version="1.0" encoding="UTF-8"?>
<!-- Generated by org.testng.reporters.JUnitReportReporter -->
<testsuite hostname="BRAVO" failures="0" tests="3" name="testpkg.Booksproducttest" time="40.509" errors="0" timestamp="2026-08-19T23:59:53 IST" skipped="0">
  <testcase classname="testpkg.Booksproducttest" name="booksclicking" time="7.379"/>
  <testcase classname="testpkg.Booksproducttest" name="sorting" time="24.053"/>
  <testcase classname="testpkg.Booksproducttest" name="additemtocarts" time="9.077"/>
</testsuite> <!-- testpkg.Booksproducttest -->
