<?xml version="1.0" encoding="UTF-8"?>
<!-- Generated by org.testng.reporters.JUnitReportReporter -->
<testsuite hostname="BRAVO" failures="0" tests="5" name="testpkg.Giftcardproducttest" time="136.906" errors="0" timestamp="2026-08-19T23:59:53 IST" skipped="0">
  <testcase classname="testpkg.Giftcardproducttest" name="Jewelrypagevalidation" time="8.172"/>
  <testcase classname="testpkg.Giftcardproducttest" name="giftcardaddtocart1" time="31.432"/>
  <testcase classname="testpkg.Giftcardproducttest" name="giftcardaddtocart2" time="30.299"/>
  <testcase classname="testpkg.Giftcardproducttest" name="giftcardaddtocart3" time="32.309"/>
  <testcase classname="testpkg.Giftcardproducttest" name="giftcardaddtocart4" time="34.694"/>
</testsuite> <!-- testpkg.Giftcardproducttest -->
