<?xml version="1.0" encoding="UTF-8"?>
<!-- Generated by org.testng.reporters.JUnitReportReporter -->
<testsuite hostname="BRAVO" failures="0" tests="14" name="testpkg.Apparelproducttest" time="434.693" errors="0" timestamp="2026-08-19T23:59:53 IST" skipped="0">
  <testcase classname="testpkg.Apparelproducttest" name="apparelandshoesclick" time="6.534"/>
  <testcase classname="testpkg.Apparelproducttest" name="addtocartprdt1" time="20.733"/>
  <testcase classname="testpkg.Apparelproducttest" name="addtocartprdt2" time="36.244"/>
  <testcase classname="testpkg.Apparelproducttest" name="addtocartprdt3" time="67.325"/>
  <testcase classname="testpkg.Apparelproducttest" name="addtocartprdt4" time="1.870"/>
  <testcase classname="testpkg.Apparelproducttest" name="addtocartprdt7" time="34.703"/>
  <testcase classname="testpkg.Apparelproducttest" name="addtocartprdt5" time="33.715"/>
  <testcase classname="testpkg.Apparelproducttest" name="addtocartprdt6" time="28.561"/>
  <testcase classname="testpkg.Apparelproducttest" name="addtocartprdt8" time="33.569"/>
  <testcase classname="testpkg.Apparelproducttest" name="addtocartprdt9" time="36.656"/>
  <testcase classname="testpkg.Apparelproducttest" name="addtocartprdt10" time="34.830"/>
  <testcase classname="testpkg.Apparelproducttest" name="addtocartprdt11" time="33.624"/>
  <testcase classname="testpkg.Apparelproducttest" name="addtocartprdt12" time="49.255"/>
  <testcase classname="testpkg.Apparelproducttest" name="addtocartprdt13" time="17.074"/>
</testsuite> <!-- testpkg.Apparelproducttest -->
