<?xml version="1.0" encoding="UTF-8"?>
<!-- Generated by org.testng.reporters.JUnitReportReporter -->
<testsuite hostname="BRAVO" failures="0" tests="7" name="testpkg.Logintest" time="31.037" errors="0" timestamp="2026-08-19T23:59:53 IST" skipped="0">
  <testcase classname="testpkg.Logintest" name="fetchtitle" time="0.080"/>
  <testcase classname="testpkg.Logintest" name="clicklogin" time="0.706"/>
  <testcase classname="testpkg.Logintest" name="logoverification" time="0.056"/>
  <testcase classname="testpkg.Logintest" name="buttontextverification" time="0.041"/>
  <testcase classname="testpkg.Logintest" name="valueset" time="21.041"/>
  <testcase classname="testpkg.Logintest" name="forgetpass" time="5.268"/>
  <testcase classname="testpkg.Logintest" name="registerbtnclickFromlogin" time="3.845"/>
</testsuite> <!-- testpkg.Logintest -->
