<?xml version="1.0" encoding="UTF-8"?>
<!-- Generated by org.testng.reporters.JUnitReportReporter -->
<testsuite hostname="BRAVO" failures="0" tests="3" name="testpkg.Producttest" time="47.944" errors="0" timestamp="2026-08-02T13:23:15 IST" skipped="0">
  <testcase classname="testpkg.Producttest" name="logoverification" time="7.436"/>
  <testcase classname="testpkg.Producttest" name="additem" time="38.231"/>
  <testcase classname="testpkg.Producttest" name="newslettersubscribe" time="2.277"/>
</testsuite> <!-- testpkg.Producttest -->
