<?xml version="1.0" encoding="UTF-8"?>
<!-- Generated by org.testng.reporters.JUnitReportReporter -->
<testsuite hostname="BRAVO" failures="0" tests="7" name="testpkg.Electronicsproducttest" time="62.989" errors="0" timestamp="2026-08-19T23:59:53 IST" skipped="0">
  <testcase classname="testpkg.Electronicsproducttest" name="electroclicking" time="3.781"/>
  <testcase classname="testpkg.Electronicsproducttest" name="cameraclickingg" time="1.532"/>
  <testcase classname="testpkg.Electronicsproducttest" name="Addtocartbuttonisdisplayed" time="41.881"/>
  <testcase classname="testpkg.Electronicsproducttest" name="cellphoneclickingg" time="1.270"/>
  <testcase classname="testpkg.Electronicsproducttest" name="cellphoneaddtocart" time="0.086"/>
  <testcase classname="testpkg.Electronicsproducttest" name="cellphoneaddtocart1" time="3.854"/>
  <testcase classname="testpkg.Electronicsproducttest" name="cellphoneaddtocart2" time="10.585"/>
</testsuite> <!-- testpkg.Electronicsproducttest -->
