<?xml version="1.0" encoding="UTF-8"?>
<!-- Generated by org.testng.reporters.JUnitReportReporter -->
<testsuite hostname="BRAVO" failures="0" tests="7" name="testpkg.Computerproducttest" time="66.029" errors="0" timestamp="2026-08-19T23:59:53 IST" skipped="0">
  <testcase classname="testpkg.Computerproducttest" name="compclicking" time="4.011"/>
  <testcase classname="testpkg.Computerproducttest" name="desktopclicking" time="1.431"/>
  <testcase classname="testpkg.Computerproducttest" name="sortingincomp" time="26.539"/>
  <testcase classname="testpkg.Computerproducttest" name="desktopPrdtaddtocart" time="20.521"/>
  <testcase classname="testpkg.Computerproducttest" name="notebookaddtocart" time="3.947"/>
  <testcase classname="testpkg.Computerproducttest" name="accessoriesAddtocart" time="3.992"/>
  <testcase classname="testpkg.Computerproducttest" name="verifyProductImageTest" time="5.588"/>
</testsuite> <!-- testpkg.Computerproducttest -->
