<?xml version="1.0" encoding="UTF-8"?>
<!-- Generated by org.testng.reporters.JUnitReportReporter -->
<testsuite hostname="BRAVO" failures="0" tests="3" name="testpkg.Producthometest" time="53.386" errors="0" timestamp="2026-08-19T23:59:53 IST" skipped="0">
  <testcase classname="testpkg.Producthometest" name="logoverification" time="7.514"/>
  <testcase classname="testpkg.Producthometest" name="additem" time="42.588"/>
  <testcase classname="testpkg.Producthometest" name="newslettersubscribe" time="3.284"/>
</testsuite> <!-- testpkg.Producthometest -->
