<?xml version="1.0" encoding="UTF-8"?>
<!-- Generated by org.testng.reporters.JUnitReportReporter -->
<testsuite hostname="BRAVO" failures="0" tests="6" name="testpkg.Shoppingcart_test" time="33.457" errors="0" timestamp="2026-08-19T23:59:53 IST" skipped="0">
  <testcase classname="testpkg.Shoppingcart_test" name="shoppingcart_validation" time="10.175"/>
  <testcase classname="testpkg.Shoppingcart_test" name="applycounpon_validationtest" time="2.531"/>
  <testcase classname="testpkg.Shoppingcart_test" name="giftcard_validationtest" time="6.269"/>
  <testcase classname="testpkg.Shoppingcart_test" name="dropdown_country_state" time="2.872"/>
  <testcase classname="testpkg.Shoppingcart_test" name="updatecart_after_delete" time="7.477"/>
  <testcase classname="testpkg.Shoppingcart_test" name="checkout_test" time="4.133"/>
</testsuite> <!-- testpkg.Shoppingcart_test -->
