<?xml version="1.0" encoding="UTF-8"?>
<!-- Generated by org.testng.reporters.JUnitReportReporter -->
<testsuite hostname="BRAVO" failures="0" tests="11" name="testpkg.CheckoutdetailsTest" time="53.110" errors="0" timestamp="2026-08-19T23:59:53 IST" skipped="0">
  <testcase classname="testpkg.CheckoutdetailsTest" name="checkout_validation" time="10.002"/>
  <testcase classname="testpkg.CheckoutdetailsTest" name="billingadress_validation" time="2.169"/>
  <testcase classname="testpkg.CheckoutdetailsTest" name="shippingaddress_validation" time="2.175"/>
  <testcase classname="testpkg.CheckoutdetailsTest" name="shippingmethod_validation" time="2.166"/>
  <testcase classname="testpkg.CheckoutdetailsTest" name="paymentmethod_selection" time="2.159"/>
  <testcase classname="testpkg.CheckoutdetailsTest" name="paymentmethodinfo_validation" time="2.101"/>
  <testcase classname="testpkg.CheckoutdetailsTest" name="checkoutlast_confirm" time="6.095"/>
  <testcase classname="testpkg.CheckoutdetailsTest" name="orderplacement" time="9.514"/>
  <testcase classname="testpkg.CheckoutdetailsTest" name="to_orderdetails_validation" time="3.788"/>
  <testcase classname="testpkg.CheckoutdetailsTest" name="reorder_validation" time="8.754"/>
  <testcase classname="testpkg.CheckoutdetailsTest" name="ordersuccessfull_validaton" time="4.187"/>
</testsuite> <!-- testpkg.CheckoutdetailsTest -->
