<?xml version="1.0" encoding="UTF-8"?>
<!-- Generated by org.testng.reporters.JUnitReportReporter -->
<testsuite hostname="BRAVO" failures="0" tests="2" name="testpkg.emailafriendtest" time="50.295" errors="0" timestamp="2026-08-19T23:59:53 IST" skipped="0">
  <testcase classname="testpkg.emailafriendtest" name="emailafriendvalidation" time="12.046"/>
  <testcase classname="testpkg.emailafriendtest" name="friendsemail_and_personalmsgvalidation" time="38.249"/>
</testsuite> <!-- testpkg.emailafriendtest -->
