<?xml version="1.0" encoding="UTF-8"?>
<!-- Generated by org.testng.reporters.JUnitReportReporter -->
<testsuite hostname="BRAVO" failures="0" tests="10" name="testpkg.Myaccount_cutomerinfoTest" time="244.699" errors="0" timestamp="2026-08-19T23:59:53 IST" skipped="0">
  <testcase classname="testpkg.Myaccount_cutomerinfoTest" name="emailafriendvalidation" time="7.897"/>
  <testcase classname="testpkg.Myaccount_cutomerinfoTest" name="customerinfo" time="26.082"/>
  <testcase classname="testpkg.Myaccount_cutomerinfoTest" name="address" time="14.194"/>
  <testcase classname="testpkg.Myaccount_cutomerinfoTest" name="address_existingvalueschange" time="68.314"/>
  <testcase classname="testpkg.Myaccount_cutomerinfoTest" name="newaddress" time="68.313"/>
  <testcase classname="testpkg.Myaccount_cutomerinfoTest" name="orders" time="4.199"/>
  <testcase classname="testpkg.Myaccount_cutomerinfoTest" name="downloadableprdt" time="33.891"/>
  <testcase classname="testpkg.Myaccount_cutomerinfoTest" name="backinstocksubscriptions" time="4.206"/>
  <testcase classname="testpkg.Myaccount_cutomerinfoTest" name="rewardpoints" time="4.088"/>
  <testcase classname="testpkg.Myaccount_cutomerinfoTest" name="passordchange" time="13.515"/>
</testsuite> <!-- testpkg.Myaccount_cutomerinfoTest -->
