<?xml version="1.0" encoding="UTF-8"?>
<!-- Generated by org.testng.reporters.JUnitReportReporter -->
<testsuite hostname="BRAVO" failures="0" tests="2" name="testpkg.Digitaldownloadsproducttest" time="22.124" errors="0" timestamp="2026-08-19T23:59:53 IST" skipped="0">
  <testcase classname="testpkg.Digitaldownloadsproducttest" name="apparelandshoesclick" time="6.828"/>
  <testcase classname="testpkg.Digitaldownloadsproducttest" name="additemstocart" time="15.296"/>
</testsuite> <!-- testpkg.Digitaldownloadsproducttest -->
