<?xml version="1.0" encoding="UTF-8"?>
<!-- Generated by org.testng.reporters.JUnitReportReporter -->
<testsuite hostname="BRAVO" failures="0" tests="6" name="testpkg.Jewelryproducttest" time="44.441" errors="0" timestamp="2026-08-19T23:59:53 IST" skipped="0">
  <testcase classname="testpkg.Jewelryproducttest" name="Jewelrypagevalidation" time="7.054"/>
  <testcase classname="testpkg.Jewelryproducttest" name="jewelry1addtocart" time="8.485"/>
  <testcase classname="testpkg.Jewelryproducttest" name="jewelry2addtocart" time="8.369"/>
  <testcase classname="testpkg.Jewelryproducttest" name="jewelry3addtocart" time="5.875"/>
  <testcase classname="testpkg.Jewelryproducttest" name="jewelry5addtocart" time="8.721"/>
  <testcase classname="testpkg.Jewelryproducttest" name="jewelry4addtocart" time="5.937"/>
</testsuite> <!-- testpkg.Jewelryproducttest -->
