<?xml version="1.0" encoding="UTF-8"?>
<!-- Generated by org.testng.reporters.JUnitReportReporter -->
<testsuite hostname="BRAVO" failures="0" tests="8" name="testpkg.Searchbarsearchingtest" time="93.037" errors="0" timestamp="2026-08-19T23:59:53 IST" skipped="0">
  <testcase classname="testpkg.Searchbarsearchingtest" name="searchbarvalidation_with_validkeyword_books" time="12.690"/>
  <testcase classname="testpkg.Searchbarsearchingtest" name="searchbarvalidation_with_validkeyword_computers" time="14.464"/>
  <testcase classname="testpkg.Searchbarsearchingtest" name="searchbarvalidation_with_validkeyword_electronics" time="7.034"/>
  <testcase classname="testpkg.Searchbarsearchingtest" name="searchbarvalidation_with_validkeyword_apparel" time="6.782"/>
  <testcase classname="testpkg.Searchbarsearchingtest" name="searchbarvalidation_with_validkeyword_digital" time="6.912"/>
  <testcase classname="testpkg.Searchbarsearchingtest" name="searchbarvalidation_with_validkeyword_jewelry" time="13.640"/>
  <testcase classname="testpkg.Searchbarsearchingtest" name="searchbarvalidation_with_validkeyword_giftcard" time="13.731"/>
  <testcase classname="testpkg.Searchbarsearchingtest" name="searchbarvalidation_with_invalidkeyword" time="17.784"/>
</testsuite> <!-- testpkg.Searchbarsearchingtest -->
